<?xml version="1.0" encoding="UTF-8"?>
<!-- Generated by org.testng.reporters.JUnitXMLReporter -->
<testsuite ignored="1" hostname="Dev11" failures="0" tests="4" name="Default test" time="0.042" errors="0" timestamp="10 Dec 2022 07:25:32 GMT">
  <testcase classname="com.flipkart.stepdefinition.MobilePurchase" name="search" time="0.004"/>
  <testcase classname="com.flipkart.stepdefinition.MobilePurchase" name="mobileClick" time="0.002"/>
  <testcase classname="com.flipkart.stepdefinition.MobilePurchase" name="windowHandling" time="0.001"/>
  <testcase classname="com.flipkart.stepdefinition.MobilePurchase" name="addToCart" time="0.001"/>
  <testcase classname="com.flipkart.stepdefinition.MobilePurchase" name="login" time="0.0">
    <ignored/>
  </testcase> <!-- login -->
</testsuite> <!-- Default test -->
